DEBUG 2015-03-04 20:44:07,900 (com.ebridgevas.protocols.ss7.sccp.impl.SccpStackImpl-MapLoadServerSccpStack:740) - Rx : SCCP message from MTP Sccp Msg [Type=UDT sls=11 incomingOpc=9 incomingDpc=1216 outgoingDpc=-1 CallingAddress(pc=0,ssn=6,AI=18,gt=GT0100{tt=0, np=ISDN_TELEPHONY, na=INTERNATIONAL, digits=263730100040}) CalledParty(pc=0,ssn=147,AI=82,gt=GT0100{tt=0, np=ISDN_TELEPHONY, na=INTERNATIONAL, digits=263730100066}) DataLen=104]
DEBUG 2015-03-04 20:44:07,900 (com.ebridgevas.protocols.ss7.sccp.impl.SccpRoutingControl:133) - Local deliver : SCCP Data Message=Sccp Msg [Type=UDT sls=11 incomingOpc=9 incomingDpc=1216 outgoingDpc=-1 CallingAddress(pc=0,ssn=6,AI=18,gt=GT0100{tt=0, np=ISDN_TELEPHONY, na=INTERNATIONAL, digits=263730100040}) CalledParty(pc=0,ssn=147,AI=82,gt=GT0100{tt=0, np=ISDN_TELEPHONY, na=INTERNATIONAL, digits=263730100066}) DataLen=104]
DEBUG 2015-03-04 20:44:07,901 (DialogRequestProcessor.class:21) - onDialogRequest for DialogId=2 DestinationReference=AddressString[AddressNature=international_number, NumberingPlan=land_mobile, Address=648033006425322] OriginReference=AddressString[AddressNature=international_number, NumberingPlan=ISDN, Address=263730100040] MAPExtensionContainer=null
INFO  2015-03-04 20:44:07,901 (MAPMessageProcessor.class:50) - message type : processUnstructuredSSRequest_Request
INFO  2015-03-04 20:44:07,901 (MAPMessageProcessor.class:57) - Received ProcessUnstructuredSSRequestIndication USSD String=*901#
INFO  2015-03-04 20:44:07,902 (MAPMessageProcessor.class:138) - process()
DEBUG 2015-03-04 20:44:07,903 (ProcessUnstructuredSSRequestProcessor.class:65) - onProcessUnstructuredSSRequestIndication for DialogId=2. Ussd String=*901#
DEBUG 2015-03-04 20:44:07,903 (com.ebridgevas.protocols.ss7.tcap.tc.component.ComponentPrimitiveFactoryImpl:47) - createTCInvokeRequest( provider : com.ebridgevas.protocols.ss7.tcap.TCAPProviderImpl@70390a74 )
DEBUG 2015-03-04 20:44:07,904 (com.ebridgevas.protocols.ss7.tcap.asn.InvokeImpl:298) - setProvider(provider : com.ebridgevas.protocols.ss7.tcap.TCAPProviderImpl@70390a74)
DEBUG 2015-03-04 20:44:07,904 (com.ebridgevas.protocols.ss7.tcap.DialogImpl:1039) - this.scheduledComponentList.size() : 3
DEBUG 2015-03-04 20:44:07,904 (com.ebridgevas.protocols.ss7.tcap.DialogImpl:1043) - Component Type : ReturnResultLast
DEBUG 2015-03-04 20:44:07,905 (com.ebridgevas.protocols.ss7.tcap.DialogImpl:1043) - Component Type : Invoke
DEBUG 2015-03-04 20:44:07,905 (com.ebridgevas.protocols.ss7.tcap.DialogImpl:1048) - invoke : Invoke[invokeId=1, linkedId=null, operationCode=null, parameter=null, invokeClass=Class1, state=Idle, provider : null]
WARN  2015-03-04 20:44:07,905 (com.ebridgevas.protocols.ss7.tcap.DialogImpl:1050) - InvokeImpl.invokeId : 1 skipped. Has no provider.
DEBUG 2015-03-04 20:44:07,906 (com.ebridgevas.protocols.ss7.tcap.DialogImpl:1043) - Component Type : Invoke
DEBUG 2015-03-04 20:44:07,906 (com.ebridgevas.protocols.ss7.tcap.DialogImpl:1048) - invoke : Invoke[invokeId=1, linkedId=null, operationCode=OperationCode[OperationType=Local, data=60], parameter=Parameter[data=[4, 1, 15, 4, 53, -41, 50, 123, -4, 110, -105, 65, -12, 55, -120, 90, 102, -105, -57, 101, 54, -88, 58, -99, 18, 65, -68, -95, -44, 7, -118, -71, 64, -62, 48, 59, -20, 30, -105, 65, -68, -95, -44, 7, -110, -71, 64, -62, 122, 30, 20, 6, -119, -21, 110, 50, -69, 12, -128, 7, -111, 98, 115, 51, 8, 67, 8], parameters=null, primitive=false, tag=16, tagClass=0, encodingLength=67], invokeClass=Class1, state=Idle, provider : com.ebridgevas.protocols.ss7.tcap.TCAPProviderImpl@70390a74]
INFO  2015-03-04 20:44:07,906 (com.ebridgevas.protocols.ss7.tcap.asn.InvokeImpl:381) - stopTimer()
INFO  2015-03-04 20:44:07,907 (com.ebridgevas.protocols.ss7.tcap.asn.InvokeImpl:374) - this.provider : com.ebridgevas.protocols.ss7.tcap.TCAPProviderImpl@70390a74
DEBUG 2015-03-04 20:44:07,907 (com.ebridgevas.protocols.ss7.tcap.asn.TCContinueMessageImpl:207) -  component count : 3
DEBUG 2015-03-04 20:44:07,908 (com.ebridgevas.protocols.ss7.tcap.asn.TCContinueMessageImpl:215) -  component : ReturnResultLast[invokeId=1, operationCode=OperationCode[OperationType=Local, data=59], parameter=Parameter[data=[4, 1, 15, 4, 50, -43, -23, -108, 8, -102, -46, -27, 105, -9, 25, -92, 3, 33, -53, 108, -10, 27, 116, 125, -53, -39, 100, 5, 40, -26, 2, 9, -61, -20, -80, 123, 92, 86, -128, 100, 46, 16, -75, -116, -89, -49, 65, -46, 114, 59, -100, 118, -89, -35, 103], parameters=null, primitive=false, tag=16, tagClass=0, encodingLength=55]]
WARN  2015-03-04 20:44:07,908 (com.ebridgevas.protocols.ss7.tcap.asn.TCContinueMessageImpl:211) - Null Component found. Skipping.
DEBUG 2015-03-04 20:44:07,908 (com.ebridgevas.protocols.ss7.tcap.asn.TCContinueMessageImpl:215) -  component : Invoke[invokeId=1, linkedId=null, operationCode=OperationCode[OperationType=Local, data=60], parameter=Parameter[data=[4, 1, 15, 4, 53, -41, 50, 123, -4, 110, -105, 65, -12, 55, -120, 90, 102, -105, -57, 101, 54, -88, 58, -99, 18, 65, -68, -95, -44, 7, -118, -71, 64, -62, 48, 59, -20, 30, -105, 65, -68, -95, -44, 7, -110, -71, 64, -62, 122, 30, 20, 6, -119, -21, 110, 50, -69, 12, -128, 7, -111, 98, 115, 51, 8, 67, 8], parameters=null, primitive=false, tag=16, tagClass=0, encodingLength=67], invokeClass=Class1, state=Sent, provider : com.ebridgevas.protocols.ss7.tcap.TCAPProviderImpl@70390a74]
WARN  2015-03-04 20:44:07,909 (com.ebridgevas.protocols.ss7.sccp.impl.SccpRoutingControl:341) - Received SccpMessage for Translation but no matching Rule found for local routing
SccpMessage=Sccp Msg [Type= sls=11 incomingOpc=-1 incomingDpc=-1 outgoingDpc=-1 CallingAddress(pc=0,ssn=147,AI=82,gt=GT0100{tt=0, np=ISDN_TELEPHONY, na=INTERNATIONAL, digits=263730100066}) CalledParty(pc=0,ssn=6,AI=18,gt=GT0100{tt=0, np=ISDN_TELEPHONY, na=INTERNATIONAL, digits=263730100040}) DataLen=206]
DEBUG 2015-03-04 20:44:07,910 (DialogDelimiterProcessor.class:16) - onDialogDelimiter for DialogId=2