INFO  2015-03-03 11:51:37,257 (MAPMessageProcessor.class:50) - message type : processUnstructuredSSRequest_Request
INFO  2015-03-03 11:51:37,257 (MAPMessageProcessor.class:57) - Received ProcessUnstructuredSSRequestIndication USSD String=*902#
INFO  2015-03-03 11:51:37,258 (MAPMessageProcessor.class:138) - process()
ERROR 2015-03-03 11:51:37,258 (com.ebridgevas.protocols.ss7.map.service.sms.MAPServiceSmsImpl:303) - Error processing ProcessUnstructuredSSRequestIndication: null
java.lang.NullPointerException
	at com.ebridgevas.protocols.ss7.tcap.asn.InvokeImpl.startTimer(InvokeImpl.java:370)
	at com.ebridgevas.protocols.ss7.tcap.asn.InvokeImpl.setState(InvokeImpl.java:334)
	at com.ebridgevas.protocols.ss7.tcap.DialogImpl.prepareComponents(DialogImpl.java:1046)
	at com.ebridgevas.protocols.ss7.tcap.DialogImpl.send(DialogImpl.java:597)
	at com.ebridgevas.protocols.ss7.map.MAPProviderImpl.fireTCContinue(MAPProviderImpl.java:1815)
	at com.ebridgevas.protocols.ss7.map.MAPDialogImpl.send(MAPDialogImpl.java:343)
	at com.ebridgevas.ss7interface.processors.ProcessUnstructuredSSRequestProcessor.process(ProcessUnstructuredSSRequestProcessor.java:57)
	at com.ebridgevas.ss7interface.MAPServiceSupplementaryProcessor.onProcessUnstructuredSSRequest(MAPServiceSupplementaryProcessor.java:27)
	at com.ebridgevas.protocols.ss7.map.service.supplementary.MAPServiceSupplementaryImpl.processUnstructuredSSRequest(MAPServiceSupplementaryImpl.java:301)
	at com.ebridgevas.protocols.ss7.map.service.supplementary.MAPServiceSupplementaryImpl.processComponent(MAPServiceSupplementaryImpl.java:148)
	at com.ebridgevas.protocols.ss7.map.MAPProviderImpl.doProcessComponent(MAPProviderImpl.java:1583)
	at com.ebridgevas.protocols.ss7.map.MAPProviderImpl.processComponents(MAPProviderImpl.java:1453)
	at com.ebridgevas.protocols.ss7.map.MAPProviderImpl.onTCBegin(MAPProviderImpl.java:624)
	at com.ebridgevas.protocols.ss7.tcap.TCAPProviderImpl.deliver(TCAPProviderImpl.java:296)
	at com.ebridgevas.protocols.ss7.tcap.DialogImpl.processBegin(DialogImpl.java:1423)
	at com.ebridgevas.protocols.ss7.tcap.TCAPProviderImpl.onMessage(TCAPProviderImpl.java:689)
	at com.ebridgevas.protocols.ss7.sccp.impl.SccpRoutingControl.routeMssgFromMtp(SccpRoutingControl.java:135)
	at com.ebridgevas.protocols.ss7.sccp.impl.SccpStackImpl.onMtp3TransferMessage(SccpStackImpl.java:842)
	at com.ebridgevas.protocols.ss7.mtp.Mtp3UserPartBaseImpl$MsgTransferDeliveryHandler.run(Mtp3UserPartBaseImpl.java:238)
	at java.util.concurrent.ThreadPoolExecutor.runWorker(ThreadPoolExecutor.java:1145)
	at java.util.concurrent.ThreadPoolExecutor$Worker.run(ThreadPoolExecutor.java:615)
	at java.lang.Thread.run(Thread.java:722)
INFO  2015-03-03 12:00:19,821 (MAPMessageProcessor.class:50) - message type : processUnstructuredSSRequest_Request
INFO  2015-03-03 12:00:19,821 (MAPMessageProcessor.class:57) - Received ProcessUnstructuredSSRequestIndication USSD String=*901#
INFO  2015-03-03 12:00:19,822 (MAPMessageProcessor.class:138) - process()
ERROR 2015-03-03 12:00:19,822 (com.ebridgevas.protocols.ss7.map.service.sms.MAPServiceSmsImpl:303) - Error processing ProcessUnstructuredSSRequestIndication: null
java.lang.NullPointerException
	at com.ebridgevas.protocols.ss7.tcap.asn.InvokeImpl.startTimer(InvokeImpl.java:370)
	at com.ebridgevas.protocols.ss7.tcap.asn.InvokeImpl.setState(InvokeImpl.java:334)
	at com.ebridgevas.protocols.ss7.tcap.DialogImpl.prepareComponents(DialogImpl.java:1046)
	at com.ebridgevas.protocols.ss7.tcap.DialogImpl.send(DialogImpl.java:597)
	at com.ebridgevas.protocols.ss7.map.MAPProviderImpl.fireTCContinue(MAPProviderImpl.java:1815)
	at com.ebridgevas.protocols.ss7.map.MAPDialogImpl.send(MAPDialogImpl.java:343)
	at com.ebridgevas.ss7interface.processors.ProcessUnstructuredSSRequestProcessor.process(ProcessUnstructuredSSRequestProcessor.java:57)
	at com.ebridgevas.ss7interface.MAPServiceSupplementaryProcessor.onProcessUnstructuredSSRequest(MAPServiceSupplementaryProcessor.java:27)
	at com.ebridgevas.protocols.ss7.map.service.supplementary.MAPServiceSupplementaryImpl.processUnstructuredSSRequest(MAPServiceSupplementaryImpl.java:301)
	at com.ebridgevas.protocols.ss7.map.service.supplementary.MAPServiceSupplementaryImpl.processComponent(MAPServiceSupplementaryImpl.java:148)
	at com.ebridgevas.protocols.ss7.map.MAPProviderImpl.doProcessComponent(MAPProviderImpl.java:1583)
	at com.ebridgevas.protocols.ss7.map.MAPProviderImpl.processComponents(MAPProviderImpl.java:1453)
	at com.ebridgevas.protocols.ss7.map.MAPProviderImpl.onTCBegin(MAPProviderImpl.java:624)
	at com.ebridgevas.protocols.ss7.tcap.TCAPProviderImpl.deliver(TCAPProviderImpl.java:296)
	at com.ebridgevas.protocols.ss7.tcap.DialogImpl.processBegin(DialogImpl.java:1423)
	at com.ebridgevas.protocols.ss7.tcap.TCAPProviderImpl.onMessage(TCAPProviderImpl.java:689)
	at com.ebridgevas.protocols.ss7.sccp.impl.SccpRoutingControl.routeMssgFromMtp(SccpRoutingControl.java:135)
	at com.ebridgevas.protocols.ss7.sccp.impl.SccpStackImpl.onMtp3TransferMessage(SccpStackImpl.java:842)
	at com.ebridgevas.protocols.ss7.mtp.Mtp3UserPartBaseImpl$MsgTransferDeliveryHandler.run(Mtp3UserPartBaseImpl.java:238)
	at java.util.concurrent.ThreadPoolExecutor.runWorker(ThreadPoolExecutor.java:1145)
	at java.util.concurrent.ThreadPoolExecutor$Worker.run(ThreadPoolExecutor.java:615)
	at java.lang.Thread.run(Thread.java:722)
INFO  2015-03-03 12:11:34,436 (MAPMessageProcessor.class:50) - message type : processUnstructuredSSRequest_Request
INFO  2015-03-03 12:11:34,436 (MAPMessageProcessor.class:57) - Received ProcessUnstructuredSSRequestIndication USSD String=*901#
INFO  2015-03-03 12:11:34,437 (MAPMessageProcessor.class:138) - process()
ERROR 2015-03-03 12:11:34,437 (com.ebridgevas.protocols.ss7.map.service.sms.MAPServiceSmsImpl:303) - Error processing ProcessUnstructuredSSRequestIndication: null
java.lang.NullPointerException